2022-06-06 00:50:05,551 WARN streaming.StreamJob: -file option is deprecated, please use generic option -files instead.
packageJobJar: [geo_state_mapper.py, geo_state_reducer.py] [] /tmp/streamjob75748126059458472.jar tmpDir=null
2022-06-06 00:50:07,273 INFO impl.MetricsConfig: Loaded properties from hadoop-metrics2.properties
2022-06-06 00:50:07,461 INFO impl.MetricsSystemImpl: Scheduled Metric snapshot period at 10 second(s).
2022-06-06 00:50:07,461 INFO impl.MetricsSystemImpl: JobTracker metrics system started
2022-06-06 00:50:07,529 WARN impl.MetricsSystemImpl: JobTracker metrics system already initialized!
2022-06-06 00:50:08,026 INFO mapred.FileInputFormat: Total input files to process : 2
2022-06-06 00:50:08,134 INFO mapreduce.JobSubmitter: number of splits:7
2022-06-06 00:50:08,398 INFO mapreduce.JobSubmitter: Submitting tokens for job: job_local1437240283_0001
2022-06-06 00:50:08,400 INFO mapreduce.JobSubmitter: Executing with tokens: []
2022-06-06 00:50:08,873 INFO mapred.LocalDistributedCacheManager: Localized file:/home/h-user/geo_state_mapper.py as file:/tmp/hadoop-h-user/mapred/local/job_local1437240283_0001_3c7ca754-e170-466c-94dd-be531339a271/geo_state_mapper.py
2022-06-06 00:50:08,917 INFO mapred.LocalDistributedCacheManager: Localized file:/home/h-user/geo_state_reducer.py as file:/tmp/hadoop-h-user/mapred/local/job_local1437240283_0001_4707565a-2d61-4a1a-a2e6-5ddf4b4e3199/geo_state_reducer.py
2022-06-06 00:50:09,124 INFO mapreduce.Job: The url to track the job: http://localhost:8080/
2022-06-06 00:50:09,126 INFO mapreduce.Job: Running job: job_local1437240283_0001
2022-06-06 00:50:09,129 INFO mapred.LocalJobRunner: OutputCommitter set in config null
2022-06-06 00:50:09,133 INFO mapred.LocalJobRunner: OutputCommitter is org.apache.hadoop.mapred.FileOutputCommitter
2022-06-06 00:50:09,149 INFO output.FileOutputCommitter: File Output Committer Algorithm version is 2
2022-06-06 00:50:09,152 INFO output.FileOutputCommitter: FileOutputCommitter skip cleanup _temporary folders under output directory:false, ignore cleanup failures: false
2022-06-06 00:50:09,260 INFO mapred.LocalJobRunner: Waiting for map tasks
2022-06-06 00:50:09,268 INFO mapred.LocalJobRunner: Starting task: attempt_local1437240283_0001_m_000000_0
2022-06-06 00:50:09,337 INFO output.FileOutputCommitter: File Output Committer Algorithm version is 2
2022-06-06 00:50:09,339 INFO output.FileOutputCommitter: FileOutputCommitter skip cleanup _temporary folders under output directory:false, ignore cleanup failures: false
2022-06-06 00:50:09,396 INFO mapred.Task:  Using ResourceCalculatorProcessTree : [ ]
2022-06-06 00:50:09,420 INFO mapred.MapTask: Processing split: hdfs://h-primary:9000/user/hadoop/input/new_hashtag_donaldtrump.csv:0+134217728
2022-06-06 00:50:09,478 INFO mapred.MapTask: numReduceTasks: 1
2022-06-06 00:50:09,664 INFO mapred.MapTask: (EQUATOR) 0 kvi 26214396(104857584)
2022-06-06 00:50:09,665 INFO mapred.MapTask: mapreduce.task.io.sort.mb: 100
2022-06-06 00:50:09,665 INFO mapred.MapTask: soft limit at 83886080
2022-06-06 00:50:09,665 INFO mapred.MapTask: bufstart = 0; bufvoid = 104857600
2022-06-06 00:50:09,665 INFO mapred.MapTask: kvstart = 26214396; length = 6553600
2022-06-06 00:50:09,677 INFO mapred.MapTask: Map output collector class = org.apache.hadoop.mapred.MapTask$MapOutputBuffer
2022-06-06 00:50:09,691 INFO streaming.PipeMapRed: PipeMapRed exec [/usr/bin/python3, ./geo_state_mapper.py]
2022-06-06 00:50:09,710 INFO Configuration.deprecation: mapred.work.output.dir is deprecated. Instead, use mapreduce.task.output.dir
2022-06-06 00:50:09,710 INFO Configuration.deprecation: map.input.start is deprecated. Instead, use mapreduce.map.input.start
2022-06-06 00:50:09,711 INFO Configuration.deprecation: mapred.task.is.map is deprecated. Instead, use mapreduce.task.ismap
2022-06-06 00:50:09,711 INFO Configuration.deprecation: mapred.task.id is deprecated. Instead, use mapreduce.task.attempt.id
2022-06-06 00:50:09,717 INFO Configuration.deprecation: mapred.tip.id is deprecated. Instead, use mapreduce.task.id
2022-06-06 00:50:09,718 INFO Configuration.deprecation: mapred.local.dir is deprecated. Instead, use mapreduce.cluster.local.dir
2022-06-06 00:50:09,720 INFO Configuration.deprecation: map.input.file is deprecated. Instead, use mapreduce.map.input.file
2022-06-06 00:50:09,720 INFO Configuration.deprecation: mapred.skip.on is deprecated. Instead, use mapreduce.job.skiprecords
2022-06-06 00:50:09,722 INFO Configuration.deprecation: map.input.length is deprecated. Instead, use mapreduce.map.input.length
2022-06-06 00:50:09,728 INFO Configuration.deprecation: mapred.job.id is deprecated. Instead, use mapreduce.job.id
2022-06-06 00:50:09,729 INFO Configuration.deprecation: user.name is deprecated. Instead, use mapreduce.job.user.name
2022-06-06 00:50:09,731 INFO Configuration.deprecation: mapred.task.partition is deprecated. Instead, use mapreduce.task.partition
2022-06-06 00:50:09,966 INFO streaming.PipeMapRed: R/W/S=1/0/0 in:NA [rec/s] out:NA [rec/s]
2022-06-06 00:50:09,972 INFO streaming.PipeMapRed: R/W/S=10/0/0 in:NA [rec/s] out:NA [rec/s]
2022-06-06 00:50:09,979 INFO streaming.PipeMapRed: R/W/S=100/0/0 in:NA [rec/s] out:NA [rec/s]
2022-06-06 00:50:10,053 INFO streaming.PipeMapRed: R/W/S=1000/0/0 in:NA [rec/s] out:NA [rec/s]
2022-06-06 00:50:10,139 INFO mapreduce.Job: Job job_local1437240283_0001 running in uber mode : false
2022-06-06 00:50:10,140 INFO mapreduce.Job:  map 0% reduce 0%
2022-06-06 00:50:10,616 INFO streaming.PipeMapRed: R/W/S=10000/0/0 in:NA [rec/s] out:NA [rec/s]
2022-06-06 00:50:10,689 INFO streaming.PipeMapRed: Records R/W=11697/1
2022-06-06 00:50:14,635 INFO streaming.PipeMapRed: R/W/S=100000/3216/0 in:25000=100000/4 [rec/s] out:804=3216/4 [rec/s]
2022-06-06 00:50:19,072 INFO streaming.PipeMapRed: R/W/S=200000/5971/0 in:22222=200000/9 [rec/s] out:663=5971/9 [rec/s]
2022-06-06 00:50:21,275 INFO streaming.PipeMapRed: Records R/W=255583/7813
2022-06-06 00:50:21,378 INFO mapred.LocalJobRunner: Records R/W=255583/7813 > map
2022-06-06 00:50:21,637 INFO streaming.PipeMapRed: MRErrorThread done
2022-06-06 00:50:21,637 INFO streaming.PipeMapRed: mapRedFinished
2022-06-06 00:50:21,640 INFO mapred.LocalJobRunner: Records R/W=255583/7813 > map
2022-06-06 00:50:21,640 INFO mapred.MapTask: Starting flush of map output
2022-06-06 00:50:21,640 INFO mapred.MapTask: Spilling map output
2022-06-06 00:50:21,640 INFO mapred.MapTask: bufstart = 0; bufend = 157768; bufvoid = 104857600
2022-06-06 00:50:21,640 INFO mapred.MapTask: kvstart = 26214396(104857584); kvend = 26178984(104715936); length = 35413/6553600
2022-06-06 00:50:21,712 INFO mapred.MapTask: Finished spill 0
2022-06-06 00:50:21,721 INFO mapred.Task: Task:attempt_local1437240283_0001_m_000000_0 is done. And is in the process of committing
2022-06-06 00:50:21,733 INFO mapred.LocalJobRunner: Records R/W=255583/7813
2022-06-06 00:50:21,733 INFO mapred.Task: Task 'attempt_local1437240283_0001_m_000000_0' done.
2022-06-06 00:50:21,758 INFO mapred.Task: Final Counters for attempt_local1437240283_0001_m_000000_0: Counters: 23
	File System Counters
		FILE: Number of bytes read=5794
		FILE: Number of bytes written=732252
		FILE: Number of read operations=0
		FILE: Number of large read operations=0
		FILE: Number of write operations=0
		HDFS: Number of bytes read=134221824
		HDFS: Number of bytes written=0
		HDFS: Number of read operations=6
		HDFS: Number of large read operations=0
		HDFS: Number of write operations=1
		HDFS: Number of bytes read erasure-coded=0
	Map-Reduce Framework
		Map input records=261672
		Map output records=8854
		Map output bytes=157768
		Map output materialized bytes=175482
		Input split bytes=119
		Combine input records=0
		Spilled Records=8854
		Failed Shuffles=0
		Merged Map outputs=0
		GC time elapsed (ms)=63
		Total committed heap usage (bytes)=135335936
	File Input Format Counters 
		Bytes Read=134221824
2022-06-06 00:50:21,758 INFO mapred.LocalJobRunner: Finishing task: attempt_local1437240283_0001_m_000000_0
2022-06-06 00:50:21,760 INFO mapred.LocalJobRunner: Starting task: attempt_local1437240283_0001_m_000001_0
2022-06-06 00:50:21,769 INFO output.FileOutputCommitter: File Output Committer Algorithm version is 2
2022-06-06 00:50:21,769 INFO output.FileOutputCommitter: FileOutputCommitter skip cleanup _temporary folders under output directory:false, ignore cleanup failures: false
2022-06-06 00:50:21,770 INFO mapred.Task:  Using ResourceCalculatorProcessTree : [ ]
2022-06-06 00:50:21,772 INFO mapred.MapTask: Processing split: hdfs://h-primary:9000/user/hadoop/input/new_hashtag_donaldtrump.csv:134217728+134217728
2022-06-06 00:50:21,800 INFO mapred.MapTask: numReduceTasks: 1
2022-06-06 00:50:21,854 INFO mapred.MapTask: (EQUATOR) 0 kvi 26214396(104857584)
2022-06-06 00:50:21,854 INFO mapred.MapTask: mapreduce.task.io.sort.mb: 100
2022-06-06 00:50:21,855 INFO mapred.MapTask: soft limit at 83886080
2022-06-06 00:50:21,855 INFO mapred.MapTask: bufstart = 0; bufvoid = 104857600
2022-06-06 00:50:21,855 INFO mapred.MapTask: kvstart = 26214396; length = 6553600
2022-06-06 00:50:21,856 INFO mapred.MapTask: Map output collector class = org.apache.hadoop.mapred.MapTask$MapOutputBuffer
2022-06-06 00:50:21,864 INFO streaming.PipeMapRed: PipeMapRed exec [/usr/bin/python3, ./geo_state_mapper.py]
2022-06-06 00:50:21,900 INFO streaming.PipeMapRed: R/W/S=1/0/0 in:NA [rec/s] out:NA [rec/s]
2022-06-06 00:50:21,901 INFO streaming.PipeMapRed: R/W/S=10/0/0 in:NA [rec/s] out:NA [rec/s]
2022-06-06 00:50:21,901 INFO streaming.PipeMapRed: R/W/S=100/0/0 in:NA [rec/s] out:NA [rec/s]
2022-06-06 00:50:22,004 INFO streaming.PipeMapRed: R/W/S=1000/0/0 in:NA [rec/s] out:NA [rec/s]
2022-06-06 00:50:22,154 INFO mapreduce.Job:  map 100% reduce 0%
2022-06-06 00:50:22,400 INFO streaming.PipeMapRed: R/W/S=10000/0/0 in:NA [rec/s] out:NA [rec/s]
2022-06-06 00:50:22,738 INFO streaming.PipeMapRed: Records R/W=17966/1
2022-06-06 00:50:26,116 INFO streaming.PipeMapRed: R/W/S=100000/2766/0 in:25000=100000/4 [rec/s] out:691=2766/4 [rec/s]
2022-06-06 00:50:30,348 INFO streaming.PipeMapRed: R/W/S=200000/5533/0 in:25000=200000/8 [rec/s] out:691=5533/8 [rec/s]
2022-06-06 00:50:33,084 INFO streaming.PipeMapRed: Records R/W=266152/6913
2022-06-06 00:50:33,089 INFO streaming.PipeMapRed: MRErrorThread done
2022-06-06 00:50:33,090 INFO streaming.PipeMapRed: mapRedFinished
2022-06-06 00:50:33,090 INFO mapred.LocalJobRunner: 
2022-06-06 00:50:33,090 INFO mapred.MapTask: Starting flush of map output
2022-06-06 00:50:33,090 INFO mapred.MapTask: Spilling map output
2022-06-06 00:50:33,090 INFO mapred.MapTask: bufstart = 0; bufend = 127503; bufvoid = 104857600
2022-06-06 00:50:33,090 INFO mapred.MapTask: kvstart = 26214396(104857584); kvend = 26185700(104742800); length = 28697/6553600
2022-06-06 00:50:33,113 INFO mapred.MapTask: Finished spill 0
2022-06-06 00:50:33,118 INFO mapred.Task: Task:attempt_local1437240283_0001_m_000001_0 is done. And is in the process of committing
2022-06-06 00:50:33,133 INFO mapred.LocalJobRunner: Records R/W=266152/6913
2022-06-06 00:50:33,133 INFO mapred.Task: Task 'attempt_local1437240283_0001_m_000001_0' done.
2022-06-06 00:50:33,135 INFO mapred.Task: Final Counters for attempt_local1437240283_0001_m_000001_0: Counters: 23
	File System Counters
		FILE: Number of bytes read=6641
		FILE: Number of bytes written=874143
		FILE: Number of read operations=0
		FILE: Number of large read operations=0
		FILE: Number of write operations=0
		HDFS: Number of bytes read=268443648
		HDFS: Number of bytes written=0
		HDFS: Number of read operations=8
		HDFS: Number of large read operations=0
		HDFS: Number of write operations=1
		HDFS: Number of bytes read erasure-coded=0
	Map-Reduce Framework
		Map input records=266152
		Map output records=7175
		Map output bytes=127503
		Map output materialized bytes=141859
		Input split bytes=119
		Combine input records=0
		Spilled Records=7175
		Failed Shuffles=0
		Merged Map outputs=0
		GC time elapsed (ms)=44
		Total committed heap usage (bytes)=182521856
	File Input Format Counters 
		Bytes Read=134221824
2022-06-06 00:50:33,135 INFO mapred.LocalJobRunner: Finishing task: attempt_local1437240283_0001_m_000001_0
2022-06-06 00:50:33,136 INFO mapred.LocalJobRunner: Starting task: attempt_local1437240283_0001_m_000002_0
2022-06-06 00:50:33,143 INFO output.FileOutputCommitter: File Output Committer Algorithm version is 2
2022-06-06 00:50:33,144 INFO output.FileOutputCommitter: FileOutputCommitter skip cleanup _temporary folders under output directory:false, ignore cleanup failures: false
2022-06-06 00:50:33,146 INFO mapred.Task:  Using ResourceCalculatorProcessTree : [ ]
2022-06-06 00:50:33,153 INFO mapred.MapTask: Processing split: hdfs://h-primary:9000/user/hadoop/input/new_hashtag_donaldtrump.csv:268435456+134217728
2022-06-06 00:50:33,170 INFO mapred.MapTask: numReduceTasks: 1
2022-06-06 00:50:33,244 INFO mapred.MapTask: (EQUATOR) 0 kvi 26214396(104857584)
2022-06-06 00:50:33,244 INFO mapred.MapTask: mapreduce.task.io.sort.mb: 100
2022-06-06 00:50:33,244 INFO mapred.MapTask: soft limit at 83886080
2022-06-06 00:50:33,244 INFO mapred.MapTask: bufstart = 0; bufvoid = 104857600
2022-06-06 00:50:33,244 INFO mapred.MapTask: kvstart = 26214396; length = 6553600
2022-06-06 00:50:33,250 INFO mapred.MapTask: Map output collector class = org.apache.hadoop.mapred.MapTask$MapOutputBuffer
2022-06-06 00:50:33,257 INFO streaming.PipeMapRed: PipeMapRed exec [/usr/bin/python3, ./geo_state_mapper.py]
2022-06-06 00:50:33,290 INFO streaming.PipeMapRed: R/W/S=1/0/0 in:NA [rec/s] out:NA [rec/s]
2022-06-06 00:50:33,291 INFO streaming.PipeMapRed: R/W/S=10/0/0 in:NA [rec/s] out:NA [rec/s]
2022-06-06 00:50:33,296 INFO streaming.PipeMapRed: R/W/S=100/0/0 in:NA [rec/s] out:NA [rec/s]
2022-06-06 00:50:33,436 INFO streaming.PipeMapRed: R/W/S=1000/0/0 in:NA [rec/s] out:NA [rec/s]
2022-06-06 00:50:33,919 INFO streaming.PipeMapRed: R/W/S=10000/0/0 in:NA [rec/s] out:NA [rec/s]
2022-06-06 00:50:36,493 INFO streaming.PipeMapRed: Records R/W=80963/1
2022-06-06 00:50:37,334 INFO streaming.PipeMapRed: R/W/S=100000/917/0 in:25000=100000/4 [rec/s] out:229=917/4 [rec/s]
2022-06-06 00:50:42,149 INFO streaming.PipeMapRed: R/W/S=200000/1839/0 in:25000=200000/8 [rec/s] out:229=1839/8 [rec/s]
2022-06-06 00:50:45,148 INFO mapred.LocalJobRunner: Records R/W=80963/1 > map
2022-06-06 00:50:45,154 INFO streaming.PipeMapRed: MRErrorThread done
2022-06-06 00:50:45,155 INFO streaming.PipeMapRed: mapRedFinished
2022-06-06 00:50:45,156 INFO mapred.LocalJobRunner: Records R/W=80963/1 > map
2022-06-06 00:50:45,156 INFO mapred.MapTask: Starting flush of map output
2022-06-06 00:50:45,156 INFO mapred.MapTask: Spilling map output
2022-06-06 00:50:45,156 INFO mapred.MapTask: bufstart = 0; bufend = 66335; bufvoid = 104857600
2022-06-06 00:50:45,156 INFO mapred.MapTask: kvstart = 26214396(104857584); kvend = 26199540(104798160); length = 14857/6553600
2022-06-06 00:50:45,165 INFO mapreduce.Job:  map 38% reduce 0%
2022-06-06 00:50:45,171 INFO mapred.MapTask: Finished spill 0
2022-06-06 00:50:45,180 INFO mapred.Task: Task:attempt_local1437240283_0001_m_000002_0 is done. And is in the process of committing
2022-06-06 00:50:45,196 INFO mapred.LocalJobRunner: Records R/W=80963/1
2022-06-06 00:50:45,196 INFO mapred.Task: Task 'attempt_local1437240283_0001_m_000002_0' done.
2022-06-06 00:50:45,199 INFO mapred.Task: Final Counters for attempt_local1437240283_0001_m_000002_0: Counters: 23
	File System Counters
		FILE: Number of bytes read=7488
		FILE: Number of bytes written=947946
		FILE: Number of read operations=0
		FILE: Number of large read operations=0
		FILE: Number of write operations=0
		HDFS: Number of bytes read=402665472
		HDFS: Number of bytes written=0
		HDFS: Number of read operations=10
		HDFS: Number of large read operations=0
		HDFS: Number of write operations=1
		HDFS: Number of bytes read erasure-coded=0
	Map-Reduce Framework
		Map input records=274494
		Map output records=3715
		Map output bytes=66335
		Map output materialized bytes=73771
		Input split bytes=119
		Combine input records=0
		Spilled Records=3715
		Failed Shuffles=0
		Merged Map outputs=0
		GC time elapsed (ms)=48
		Total committed heap usage (bytes)=168177664
	File Input Format Counters 
		Bytes Read=134221824
2022-06-06 00:50:45,200 INFO mapred.LocalJobRunner: Finishing task: attempt_local1437240283_0001_m_000002_0
2022-06-06 00:50:45,200 INFO mapred.LocalJobRunner: Starting task: attempt_local1437240283_0001_m_000003_0
2022-06-06 00:50:45,209 INFO output.FileOutputCommitter: File Output Committer Algorithm version is 2
2022-06-06 00:50:45,210 INFO output.FileOutputCommitter: FileOutputCommitter skip cleanup _temporary folders under output directory:false, ignore cleanup failures: false
2022-06-06 00:50:45,211 INFO mapred.Task:  Using ResourceCalculatorProcessTree : [ ]
2022-06-06 00:50:45,216 INFO mapred.MapTask: Processing split: hdfs://h-primary:9000/user/hadoop/input/new_hashtag_joebiden.csv:0+134217728
2022-06-06 00:50:45,226 INFO mapred.MapTask: numReduceTasks: 1
2022-06-06 00:50:45,319 INFO mapred.MapTask: (EQUATOR) 0 kvi 26214396(104857584)
2022-06-06 00:50:45,319 INFO mapred.MapTask: mapreduce.task.io.sort.mb: 100
2022-06-06 00:50:45,319 INFO mapred.MapTask: soft limit at 83886080
2022-06-06 00:50:45,319 INFO mapred.MapTask: bufstart = 0; bufvoid = 104857600
2022-06-06 00:50:45,319 INFO mapred.MapTask: kvstart = 26214396; length = 6553600
2022-06-06 00:50:45,320 INFO mapred.MapTask: Map output collector class = org.apache.hadoop.mapred.MapTask$MapOutputBuffer
2022-06-06 00:50:45,326 INFO streaming.PipeMapRed: PipeMapRed exec [/usr/bin/python3, ./geo_state_mapper.py]
2022-06-06 00:50:45,380 INFO streaming.PipeMapRed: R/W/S=1/0/0 in:NA [rec/s] out:NA [rec/s]
2022-06-06 00:50:45,381 INFO streaming.PipeMapRed: R/W/S=10/0/0 in:NA [rec/s] out:NA [rec/s]
2022-06-06 00:50:45,381 INFO streaming.PipeMapRed: R/W/S=100/0/0 in:NA [rec/s] out:NA [rec/s]
2022-06-06 00:50:45,499 INFO streaming.PipeMapRed: R/W/S=1000/0/0 in:NA [rec/s] out:NA [rec/s]
2022-06-06 00:50:45,852 INFO streaming.PipeMapRed: R/W/S=10000/0/0 in:NA [rec/s] out:NA [rec/s]
2022-06-06 00:50:45,867 INFO streaming.PipeMapRed: Records R/W=10350/1
2022-06-06 00:50:46,166 INFO mapreduce.Job:  map 100% reduce 0%
2022-06-06 00:50:49,379 INFO streaming.PipeMapRed: R/W/S=100000/3214/0 in:25000=100000/4 [rec/s] out:803=3214/4 [rec/s]
2022-06-06 00:50:53,301 INFO streaming.PipeMapRed: R/W/S=200000/5505/0 in:28571=200000/7 [rec/s] out:786=5505/7 [rec/s]
2022-06-06 00:50:55,838 INFO streaming.PipeMapRed: MRErrorThread done
2022-06-06 00:50:55,839 INFO streaming.PipeMapRed: mapRedFinished
2022-06-06 00:50:55,839 INFO mapred.LocalJobRunner: 
2022-06-06 00:50:55,839 INFO mapred.MapTask: Starting flush of map output
2022-06-06 00:50:55,839 INFO mapred.MapTask: Spilling map output
2022-06-06 00:50:55,839 INFO mapred.MapTask: bufstart = 0; bufend = 143903; bufvoid = 104857600
2022-06-06 00:50:55,839 INFO mapred.MapTask: kvstart = 26214396(104857584); kvend = 26182116(104728464); length = 32281/6553600
2022-06-06 00:50:55,852 INFO mapred.MapTask: Finished spill 0
2022-06-06 00:50:55,861 INFO mapred.Task: Task:attempt_local1437240283_0001_m_000003_0 is done. And is in the process of committing
2022-06-06 00:50:55,875 INFO mapred.LocalJobRunner: Records R/W=10350/1
2022-06-06 00:50:55,877 INFO mapred.Task: Task 'attempt_local1437240283_0001_m_000003_0' done.
2022-06-06 00:50:55,878 INFO mapred.Task: Final Counters for attempt_local1437240283_0001_m_000003_0: Counters: 23
	File System Counters
		FILE: Number of bytes read=8335
		FILE: Number of bytes written=1108029
		FILE: Number of read operations=0
		FILE: Number of large read operations=0
		FILE: Number of write operations=0
		HDFS: Number of bytes read=536887296
		HDFS: Number of bytes written=0
		HDFS: Number of read operations=12
		HDFS: Number of large read operations=0
		HDFS: Number of write operations=1
		HDFS: Number of bytes read erasure-coded=0
	Map-Reduce Framework
		Map input records=267949
		Map output records=8071
		Map output bytes=143903
		Map output materialized bytes=160051
		Input split bytes=116
		Combine input records=0
		Spilled Records=8071
		Failed Shuffles=0
		Merged Map outputs=0
		GC time elapsed (ms)=47
		Total committed heap usage (bytes)=221544448
	File Input Format Counters 
		Bytes Read=134221824
2022-06-06 00:50:55,882 INFO mapred.LocalJobRunner: Finishing task: attempt_local1437240283_0001_m_000003_0
2022-06-06 00:50:55,883 INFO mapred.LocalJobRunner: Starting task: attempt_local1437240283_0001_m_000004_0
2022-06-06 00:50:55,889 INFO output.FileOutputCommitter: File Output Committer Algorithm version is 2
2022-06-06 00:50:55,889 INFO output.FileOutputCommitter: FileOutputCommitter skip cleanup _temporary folders under output directory:false, ignore cleanup failures: false
2022-06-06 00:50:55,890 INFO mapred.Task:  Using ResourceCalculatorProcessTree : [ ]
2022-06-06 00:50:55,891 INFO mapred.MapTask: Processing split: hdfs://h-primary:9000/user/hadoop/input/new_hashtag_joebiden.csv:134217728+134217728
2022-06-06 00:50:55,919 INFO mapred.MapTask: numReduceTasks: 1
2022-06-06 00:50:56,053 INFO mapred.MapTask: (EQUATOR) 0 kvi 26214396(104857584)
2022-06-06 00:50:56,060 INFO mapred.MapTask: mapreduce.task.io.sort.mb: 100
2022-06-06 00:50:56,060 INFO mapred.MapTask: soft limit at 83886080
2022-06-06 00:50:56,060 INFO mapred.MapTask: bufstart = 0; bufvoid = 104857600
2022-06-06 00:50:56,060 INFO mapred.MapTask: kvstart = 26214396; length = 6553600
2022-06-06 00:50:56,061 INFO mapred.MapTask: Map output collector class = org.apache.hadoop.mapred.MapTask$MapOutputBuffer
2022-06-06 00:50:56,070 INFO streaming.PipeMapRed: PipeMapRed exec [/usr/bin/python3, ./geo_state_mapper.py]
2022-06-06 00:50:56,093 INFO streaming.PipeMapRed: R/W/S=1/0/0 in:NA [rec/s] out:NA [rec/s]
2022-06-06 00:50:56,093 INFO streaming.PipeMapRed: R/W/S=10/0/0 in:NA [rec/s] out:NA [rec/s]
2022-06-06 00:50:56,093 INFO streaming.PipeMapRed: R/W/S=100/0/0 in:NA [rec/s] out:NA [rec/s]
2022-06-06 00:50:56,156 INFO streaming.PipeMapRed: R/W/S=1000/0/0 in:NA [rec/s] out:NA [rec/s]
2022-06-06 00:50:56,531 INFO streaming.PipeMapRed: Records R/W=9916/1
2022-06-06 00:50:56,536 INFO streaming.PipeMapRed: R/W/S=10000/459/0 in:NA [rec/s] out:NA [rec/s]
2022-06-06 00:50:59,844 INFO streaming.PipeMapRed: R/W/S=100000/1837/0 in:33333=100000/3 [rec/s] out:612=1837/3 [rec/s]
2022-06-06 00:51:03,467 INFO streaming.PipeMapRed: R/W/S=200000/3203/0 in:28571=200000/7 [rec/s] out:457=3203/7 [rec/s]
2022-06-06 00:51:06,152 INFO streaming.PipeMapRed: MRErrorThread done
2022-06-06 00:51:06,154 INFO streaming.PipeMapRed: mapRedFinished
2022-06-06 00:51:06,155 INFO mapred.LocalJobRunner: 
2022-06-06 00:51:06,155 INFO mapred.MapTask: Starting flush of map output
2022-06-06 00:51:06,155 INFO mapred.MapTask: Spilling map output
2022-06-06 00:51:06,155 INFO mapred.MapTask: bufstart = 0; bufend = 103547; bufvoid = 104857600
2022-06-06 00:51:06,155 INFO mapred.MapTask: kvstart = 26214396(104857584); kvend = 26191324(104765296); length = 23073/6553600
2022-06-06 00:51:06,165 INFO mapred.MapTask: Finished spill 0
2022-06-06 00:51:06,171 INFO mapred.Task: Task:attempt_local1437240283_0001_m_000004_0 is done. And is in the process of committing
2022-06-06 00:51:06,177 INFO mapreduce.Job:  map 57% reduce 0%
2022-06-06 00:51:06,185 INFO mapred.LocalJobRunner: Records R/W=9916/1
2022-06-06 00:51:06,187 INFO mapred.Task: Task 'attempt_local1437240283_0001_m_000004_0' done.
2022-06-06 00:51:06,188 INFO mapred.Task: Final Counters for attempt_local1437240283_0001_m_000004_0: Counters: 23
	File System Counters
		FILE: Number of bytes read=9182
		FILE: Number of bytes written=1223152
		FILE: Number of read operations=0
		FILE: Number of large read operations=0
		FILE: Number of write operations=0
		HDFS: Number of bytes read=671109120
		HDFS: Number of bytes written=0
		HDFS: Number of read operations=14
		HDFS: Number of large read operations=0
		HDFS: Number of write operations=1
		HDFS: Number of bytes read erasure-coded=0
	Map-Reduce Framework
		Map input records=272712
		Map output records=5769
		Map output bytes=103547
		Map output materialized bytes=115091
		Input split bytes=116
		Combine input records=0
		Spilled Records=5769
		Failed Shuffles=0
		Merged Map outputs=0
		GC time elapsed (ms)=41
		Total committed heap usage (bytes)=144646144
	File Input Format Counters 
		Bytes Read=134221824
2022-06-06 00:51:06,188 INFO mapred.LocalJobRunner: Finishing task: attempt_local1437240283_0001_m_000004_0
2022-06-06 00:51:06,188 INFO mapred.LocalJobRunner: Starting task: attempt_local1437240283_0001_m_000005_0
2022-06-06 00:51:06,191 INFO output.FileOutputCommitter: File Output Committer Algorithm version is 2
2022-06-06 00:51:06,196 INFO output.FileOutputCommitter: FileOutputCommitter skip cleanup _temporary folders under output directory:false, ignore cleanup failures: false
2022-06-06 00:51:06,198 INFO mapred.Task:  Using ResourceCalculatorProcessTree : [ ]
2022-06-06 00:51:06,216 INFO mapred.MapTask: Processing split: hdfs://h-primary:9000/user/hadoop/input/new_hashtag_joebiden.csv:268435456+112382286
2022-06-06 00:51:06,235 INFO mapred.MapTask: numReduceTasks: 1
2022-06-06 00:51:06,339 INFO mapred.MapTask: (EQUATOR) 0 kvi 26214396(104857584)
2022-06-06 00:51:06,339 INFO mapred.MapTask: mapreduce.task.io.sort.mb: 100
2022-06-06 00:51:06,339 INFO mapred.MapTask: soft limit at 83886080
2022-06-06 00:51:06,339 INFO mapred.MapTask: bufstart = 0; bufvoid = 104857600
2022-06-06 00:51:06,339 INFO mapred.MapTask: kvstart = 26214396; length = 6553600
2022-06-06 00:51:06,341 INFO mapred.MapTask: Map output collector class = org.apache.hadoop.mapred.MapTask$MapOutputBuffer
2022-06-06 00:51:06,350 INFO streaming.PipeMapRed: PipeMapRed exec [/usr/bin/python3, ./geo_state_mapper.py]
2022-06-06 00:51:06,388 INFO streaming.PipeMapRed: R/W/S=1/0/0 in:NA [rec/s] out:NA [rec/s]
2022-06-06 00:51:06,388 INFO streaming.PipeMapRed: R/W/S=10/0/0 in:NA [rec/s] out:NA [rec/s]
2022-06-06 00:51:06,388 INFO streaming.PipeMapRed: R/W/S=100/0/0 in:NA [rec/s] out:NA [rec/s]
2022-06-06 00:51:06,463 INFO streaming.PipeMapRed: R/W/S=1000/0/0 in:NA [rec/s] out:NA [rec/s]
2022-06-06 00:51:06,806 INFO streaming.PipeMapRed: R/W/S=10000/0/0 in:NA [rec/s] out:NA [rec/s]
2022-06-06 00:51:07,178 INFO mapreduce.Job:  map 100% reduce 0%
2022-06-06 00:51:07,646 INFO streaming.PipeMapRed: Records R/W=33778/1
2022-06-06 00:51:09,848 INFO streaming.PipeMapRed: R/W/S=100000/3657/0 in:33333=100000/3 [rec/s] out:1219=3657/3 [rec/s]
2022-06-06 00:51:13,194 INFO streaming.PipeMapRed: R/W/S=200000/4118/0 in:33333=200000/6 [rec/s] out:686=4118/6 [rec/s]
2022-06-06 00:51:14,482 INFO streaming.PipeMapRed: MRErrorThread done
2022-06-06 00:51:14,483 INFO streaming.PipeMapRed: mapRedFinished
2022-06-06 00:51:14,484 INFO mapred.LocalJobRunner: 
2022-06-06 00:51:14,484 INFO mapred.MapTask: Starting flush of map output
2022-06-06 00:51:14,484 INFO mapred.MapTask: Spilling map output
2022-06-06 00:51:14,484 INFO mapred.MapTask: bufstart = 0; bufend = 83606; bufvoid = 104857600
2022-06-06 00:51:14,484 INFO mapred.MapTask: kvstart = 26214396(104857584); kvend = 26195712(104782848); length = 18685/6553600
2022-06-06 00:51:14,499 INFO mapred.MapTask: Finished spill 0
2022-06-06 00:51:14,506 INFO mapred.Task: Task:attempt_local1437240283_0001_m_000005_0 is done. And is in the process of committing
2022-06-06 00:51:14,517 INFO mapred.LocalJobRunner: Records R/W=33778/1
2022-06-06 00:51:14,518 INFO mapred.Task: Task 'attempt_local1437240283_0001_m_000005_0' done.
2022-06-06 00:51:14,520 INFO mapred.Task: Final Counters for attempt_local1437240283_0001_m_000005_0: Counters: 23
	File System Counters
		FILE: Number of bytes read=9517
		FILE: Number of bytes written=1316140
		FILE: Number of read operations=0
		FILE: Number of large read operations=0
		FILE: Number of write operations=0
		HDFS: Number of bytes read=783491406
		HDFS: Number of bytes written=0
		HDFS: Number of read operations=16
		HDFS: Number of large read operations=0
		HDFS: Number of write operations=1
		HDFS: Number of bytes read erasure-coded=0
	Map-Reduce Framework
		Map input records=236226
		Map output records=4672
		Map output bytes=83606
		Map output materialized bytes=92956
		Input split bytes=116
		Combine input records=0
		Spilled Records=4672
		Failed Shuffles=0
		Merged Map outputs=0
		GC time elapsed (ms)=49
		Total committed heap usage (bytes)=144883712
	File Input Format Counters 
		Bytes Read=112382286
2022-06-06 00:51:14,521 INFO mapred.LocalJobRunner: Finishing task: attempt_local1437240283_0001_m_000005_0
2022-06-06 00:51:14,521 INFO mapred.LocalJobRunner: Starting task: attempt_local1437240283_0001_m_000006_0
2022-06-06 00:51:14,536 INFO output.FileOutputCommitter: File Output Committer Algorithm version is 2
2022-06-06 00:51:14,536 INFO output.FileOutputCommitter: FileOutputCommitter skip cleanup _temporary folders under output directory:false, ignore cleanup failures: false
2022-06-06 00:51:14,540 INFO mapred.Task:  Using ResourceCalculatorProcessTree : [ ]
2022-06-06 00:51:14,542 INFO mapred.MapTask: Processing split: hdfs://h-primary:9000/user/hadoop/input/new_hashtag_donaldtrump.csv:402653184+81202123
2022-06-06 00:51:14,574 INFO mapred.MapTask: numReduceTasks: 1
2022-06-06 00:51:14,684 INFO mapred.MapTask: (EQUATOR) 0 kvi 26214396(104857584)
2022-06-06 00:51:14,685 INFO mapred.MapTask: mapreduce.task.io.sort.mb: 100
2022-06-06 00:51:14,686 INFO mapred.MapTask: soft limit at 83886080
2022-06-06 00:51:14,688 INFO mapred.MapTask: bufstart = 0; bufvoid = 104857600
2022-06-06 00:51:14,688 INFO mapred.MapTask: kvstart = 26214396; length = 6553600
2022-06-06 00:51:14,696 INFO mapred.MapTask: Map output collector class = org.apache.hadoop.mapred.MapTask$MapOutputBuffer
2022-06-06 00:51:14,702 INFO streaming.PipeMapRed: PipeMapRed exec [/usr/bin/python3, ./geo_state_mapper.py]
2022-06-06 00:51:14,738 INFO streaming.PipeMapRed: R/W/S=1/0/0 in:NA [rec/s] out:NA [rec/s]
2022-06-06 00:51:14,738 INFO streaming.PipeMapRed: R/W/S=10/0/0 in:NA [rec/s] out:NA [rec/s]
2022-06-06 00:51:14,739 INFO streaming.PipeMapRed: R/W/S=100/0/0 in:NA [rec/s] out:NA [rec/s]
2022-06-06 00:51:14,830 INFO streaming.PipeMapRed: R/W/S=1000/0/0 in:NA [rec/s] out:NA [rec/s]
2022-06-06 00:51:15,221 INFO streaming.PipeMapRed: R/W/S=10000/0/0 in:NA [rec/s] out:NA [rec/s]
2022-06-06 00:51:16,174 INFO streaming.PipeMapRed: Records R/W=36611/1
2022-06-06 00:51:18,369 INFO streaming.PipeMapRed: R/W/S=100000/1376/0 in:33333=100000/3 [rec/s] out:458=1376/3 [rec/s]
2022-06-06 00:51:20,777 INFO streaming.PipeMapRed: MRErrorThread done
2022-06-06 00:51:20,778 INFO streaming.PipeMapRed: mapRedFinished
2022-06-06 00:51:20,778 INFO mapred.LocalJobRunner: 
2022-06-06 00:51:20,778 INFO mapred.MapTask: Starting flush of map output
2022-06-06 00:51:20,778 INFO mapred.MapTask: Spilling map output
2022-06-06 00:51:20,778 INFO mapred.MapTask: bufstart = 0; bufend = 45047; bufvoid = 104857600
2022-06-06 00:51:20,778 INFO mapred.MapTask: kvstart = 26214396(104857584); kvend = 26204300(104817200); length = 10097/6553600
2022-06-06 00:51:20,786 INFO mapred.MapTask: Finished spill 0
2022-06-06 00:51:20,793 INFO mapred.Task: Task:attempt_local1437240283_0001_m_000006_0 is done. And is in the process of committing
2022-06-06 00:51:20,798 INFO mapred.LocalJobRunner: Records R/W=36611/1
2022-06-06 00:51:20,800 INFO mapred.Task: Task 'attempt_local1437240283_0001_m_000006_0' done.
2022-06-06 00:51:20,801 INFO mapred.Task: Final Counters for attempt_local1437240283_0001_m_000006_0: Counters: 23
	File System Counters
		FILE: Number of bytes read=9852
		FILE: Number of bytes written=1366275
		FILE: Number of read operations=0
		FILE: Number of large read operations=0
		FILE: Number of write operations=0
		HDFS: Number of bytes read=864693529
		HDFS: Number of bytes written=0
		HDFS: Number of read operations=18
		HDFS: Number of large read operations=0
		HDFS: Number of write operations=1
		HDFS: Number of bytes read erasure-coded=0
	Map-Reduce Framework
		Map input records=168602
		Map output records=2525
		Map output bytes=45047
		Map output materialized bytes=50103
		Input split bytes=119
		Combine input records=0
		Spilled Records=2525
		Failed Shuffles=0
		Merged Map outputs=0
		GC time elapsed (ms)=58
		Total committed heap usage (bytes)=144195584
	File Input Format Counters 
		Bytes Read=81202123
2022-06-06 00:51:20,804 INFO mapred.LocalJobRunner: Finishing task: attempt_local1437240283_0001_m_000006_0
2022-06-06 00:51:20,804 INFO mapred.LocalJobRunner: map task executor complete.
2022-06-06 00:51:20,816 INFO mapred.LocalJobRunner: Waiting for reduce tasks
2022-06-06 00:51:20,816 INFO mapred.LocalJobRunner: Starting task: attempt_local1437240283_0001_r_000000_0
2022-06-06 00:51:20,840 INFO output.FileOutputCommitter: File Output Committer Algorithm version is 2
2022-06-06 00:51:20,840 INFO output.FileOutputCommitter: FileOutputCommitter skip cleanup _temporary folders under output directory:false, ignore cleanup failures: false
2022-06-06 00:51:20,844 INFO mapred.Task:  Using ResourceCalculatorProcessTree : [ ]
2022-06-06 00:51:20,852 INFO mapred.ReduceTask: Using ShuffleConsumerPlugin: org.apache.hadoop.mapreduce.task.reduce.Shuffle@711ef896
2022-06-06 00:51:20,854 WARN impl.MetricsSystemImpl: JobTracker metrics system already initialized!
2022-06-06 00:51:20,894 INFO reduce.MergeManagerImpl: MergerManager: memoryLimit=337779104, maxSingleShuffleLimit=84444776, mergeThreshold=222934224, ioSortFactor=10, memToMemMergeOutputsThreshold=10
2022-06-06 00:51:20,914 INFO reduce.EventFetcher: attempt_local1437240283_0001_r_000000_0 Thread started: EventFetcher for fetching Map Completion Events
2022-06-06 00:51:20,969 INFO reduce.LocalFetcher: localfetcher#1 about to shuffle output of map attempt_local1437240283_0001_m_000001_0 decomp: 141855 len: 141859 to MEMORY
2022-06-06 00:51:20,984 INFO reduce.InMemoryMapOutput: Read 141855 bytes from map-output for attempt_local1437240283_0001_m_000001_0
2022-06-06 00:51:20,986 INFO reduce.MergeManagerImpl: closeInMemoryFile -> map-output of size: 141855, inMemoryMapOutputs.size() -> 1, commitMemory -> 0, usedMemory ->141855
2022-06-06 00:51:20,993 INFO reduce.LocalFetcher: localfetcher#1 about to shuffle output of map attempt_local1437240283_0001_m_000002_0 decomp: 73767 len: 73771 to MEMORY
2022-06-06 00:51:21,000 INFO reduce.InMemoryMapOutput: Read 73767 bytes from map-output for attempt_local1437240283_0001_m_000002_0
2022-06-06 00:51:21,000 INFO reduce.MergeManagerImpl: closeInMemoryFile -> map-output of size: 73767, inMemoryMapOutputs.size() -> 2, commitMemory -> 141855, usedMemory ->215622
2022-06-06 00:51:21,005 INFO reduce.LocalFetcher: localfetcher#1 about to shuffle output of map attempt_local1437240283_0001_m_000005_0 decomp: 92952 len: 92956 to MEMORY
2022-06-06 00:51:21,012 INFO reduce.InMemoryMapOutput: Read 92952 bytes from map-output for attempt_local1437240283_0001_m_000005_0
2022-06-06 00:51:21,016 INFO reduce.MergeManagerImpl: closeInMemoryFile -> map-output of size: 92952, inMemoryMapOutputs.size() -> 3, commitMemory -> 215622, usedMemory ->308574
2022-06-06 00:51:21,017 INFO reduce.LocalFetcher: localfetcher#1 about to shuffle output of map attempt_local1437240283_0001_m_000006_0 decomp: 50099 len: 50103 to MEMORY
2022-06-06 00:51:21,028 INFO reduce.InMemoryMapOutput: Read 50099 bytes from map-output for attempt_local1437240283_0001_m_000006_0
2022-06-06 00:51:21,029 INFO reduce.MergeManagerImpl: closeInMemoryFile -> map-output of size: 50099, inMemoryMapOutputs.size() -> 4, commitMemory -> 308574, usedMemory ->358673
2022-06-06 00:51:21,032 INFO reduce.LocalFetcher: localfetcher#1 about to shuffle output of map attempt_local1437240283_0001_m_000000_0 decomp: 175478 len: 175482 to MEMORY
2022-06-06 00:51:21,036 INFO reduce.InMemoryMapOutput: Read 175478 bytes from map-output for attempt_local1437240283_0001_m_000000_0
2022-06-06 00:51:21,036 INFO reduce.MergeManagerImpl: closeInMemoryFile -> map-output of size: 175478, inMemoryMapOutputs.size() -> 5, commitMemory -> 358673, usedMemory ->534151
2022-06-06 00:51:21,037 INFO reduce.LocalFetcher: localfetcher#1 about to shuffle output of map attempt_local1437240283_0001_m_000003_0 decomp: 160047 len: 160051 to MEMORY
2022-06-06 00:51:21,040 INFO reduce.InMemoryMapOutput: Read 160047 bytes from map-output for attempt_local1437240283_0001_m_000003_0
2022-06-06 00:51:21,044 INFO reduce.MergeManagerImpl: closeInMemoryFile -> map-output of size: 160047, inMemoryMapOutputs.size() -> 6, commitMemory -> 534151, usedMemory ->694198
2022-06-06 00:51:21,056 INFO reduce.LocalFetcher: localfetcher#1 about to shuffle output of map attempt_local1437240283_0001_m_000004_0 decomp: 115087 len: 115091 to MEMORY
2022-06-06 00:51:21,060 INFO reduce.InMemoryMapOutput: Read 115087 bytes from map-output for attempt_local1437240283_0001_m_000004_0
2022-06-06 00:51:21,061 INFO reduce.MergeManagerImpl: closeInMemoryFile -> map-output of size: 115087, inMemoryMapOutputs.size() -> 7, commitMemory -> 694198, usedMemory ->809285
2022-06-06 00:51:21,063 INFO reduce.EventFetcher: EventFetcher is interrupted.. Returning
2022-06-06 00:51:21,068 INFO mapred.LocalJobRunner: 7 / 7 copied.
2022-06-06 00:51:21,068 INFO reduce.MergeManagerImpl: finalMerge called with 7 in-memory map-outputs and 0 on-disk map-outputs
2022-06-06 00:51:21,084 INFO mapred.Merger: Merging 7 sorted segments
2022-06-06 00:51:21,088 INFO mapred.Merger: Down to the last merge-pass, with 7 segments left of total size: 809194 bytes
2022-06-06 00:51:21,172 INFO reduce.MergeManagerImpl: Merged 7 segments, 809285 bytes to disk to satisfy reduce memory limit
2022-06-06 00:51:21,173 INFO reduce.MergeManagerImpl: Merging 1 files, 809277 bytes from disk
2022-06-06 00:51:21,174 INFO reduce.MergeManagerImpl: Merging 0 segments, 0 bytes from memory into reduce
2022-06-06 00:51:21,176 INFO mapred.Merger: Merging 1 sorted segments
2022-06-06 00:51:21,176 INFO mapred.Merger: Down to the last merge-pass, with 1 segments left of total size: 809260 bytes
2022-06-06 00:51:21,177 INFO mapred.LocalJobRunner: 7 / 7 copied.
2022-06-06 00:51:21,190 INFO streaming.PipeMapRed: PipeMapRed exec [/usr/bin/python3, ./geo_state_reducer.py]
2022-06-06 00:51:21,201 INFO Configuration.deprecation: mapred.job.tracker is deprecated. Instead, use mapreduce.jobtracker.address
2022-06-06 00:51:21,202 INFO Configuration.deprecation: mapred.map.tasks is deprecated. Instead, use mapreduce.job.maps
2022-06-06 00:51:21,308 INFO streaming.PipeMapRed: R/W/S=1/0/0 in:NA [rec/s] out:NA [rec/s]
2022-06-06 00:51:21,308 INFO streaming.PipeMapRed: R/W/S=10/0/0 in:NA [rec/s] out:NA [rec/s]
2022-06-06 00:51:21,311 INFO streaming.PipeMapRed: R/W/S=100/0/0 in:NA [rec/s] out:NA [rec/s]
2022-06-06 00:51:21,319 INFO streaming.PipeMapRed: R/W/S=1000/0/0 in:NA [rec/s] out:NA [rec/s]
2022-06-06 00:51:21,393 INFO streaming.PipeMapRed: R/W/S=10000/0/0 in:NA [rec/s] out:NA [rec/s]
2022-06-06 00:51:21,673 INFO streaming.PipeMapRed: Records R/W=40781/1
2022-06-06 00:51:21,683 INFO streaming.PipeMapRed: MRErrorThread done
2022-06-06 00:51:21,685 INFO streaming.PipeMapRed: mapRedFinished
2022-06-06 00:51:22,256 INFO mapred.Task: Task:attempt_local1437240283_0001_r_000000_0 is done. And is in the process of committing
2022-06-06 00:51:22,259 INFO mapred.LocalJobRunner: 7 / 7 copied.
2022-06-06 00:51:22,259 INFO mapred.Task: Task attempt_local1437240283_0001_r_000000_0 is allowed to commit now
2022-06-06 00:51:22,286 INFO output.FileOutputCommitter: Saved output of task 'attempt_local1437240283_0001_r_000000_0' to hdfs://h-primary:9000/user/hadoop/output/geo_state
2022-06-06 00:51:22,287 INFO mapred.LocalJobRunner: Records R/W=40781/1 > reduce
2022-06-06 00:51:22,287 INFO mapred.Task: Task 'attempt_local1437240283_0001_r_000000_0' done.
2022-06-06 00:51:22,293 INFO mapred.Task: Final Counters for attempt_local1437240283_0001_r_000000_0: Counters: 30
	File System Counters
		FILE: Number of bytes read=1628666
		FILE: Number of bytes written=2175552
		FILE: Number of read operations=0
		FILE: Number of large read operations=0
		FILE: Number of write operations=0
		HDFS: Number of bytes read=864693529
		HDFS: Number of bytes written=147
		HDFS: Number of read operations=23
		HDFS: Number of large read operations=0
		HDFS: Number of write operations=3
		HDFS: Number of bytes read erasure-coded=0
	Map-Reduce Framework
		Combine input records=0
		Combine output records=0
		Reduce input groups=2
		Reduce shuffle bytes=809313
		Reduce input records=40781
		Reduce output records=2
		Spilled Records=40781
		Shuffled Maps =7
		Failed Shuffles=0
		Merged Map outputs=7
		GC time elapsed (ms)=4
		Total committed heap usage (bytes)=144195584
	Shuffle Errors
		BAD_ID=0
		CONNECTION=0
		IO_ERROR=0
		WRONG_LENGTH=0
		WRONG_MAP=0
		WRONG_REDUCE=0
	File Output Format Counters 
		Bytes Written=147
2022-06-06 00:51:22,298 INFO mapred.LocalJobRunner: Finishing task: attempt_local1437240283_0001_r_000000_0
2022-06-06 00:51:22,298 INFO mapred.LocalJobRunner: reduce task executor complete.
2022-06-06 00:51:23,184 INFO mapreduce.Job:  map 100% reduce 100%
2022-06-06 00:51:23,185 INFO mapreduce.Job: Job job_local1437240283_0001 completed successfully
2022-06-06 00:51:23,224 INFO mapreduce.Job: Counters: 36
	File System Counters
		FILE: Number of bytes read=1685475
		FILE: Number of bytes written=9743489
		FILE: Number of read operations=0
		FILE: Number of large read operations=0
		FILE: Number of write operations=0
		HDFS: Number of bytes read=4526205824
		HDFS: Number of bytes written=147
		HDFS: Number of read operations=107
		HDFS: Number of large read operations=0
		HDFS: Number of write operations=10
		HDFS: Number of bytes read erasure-coded=0
	Map-Reduce Framework
		Map input records=1747807
		Map output records=40781
		Map output bytes=727709
		Map output materialized bytes=809313
		Input split bytes=824
		Combine input records=0
		Combine output records=0
		Reduce input groups=2
		Reduce shuffle bytes=809313
		Reduce input records=40781
		Reduce output records=2
		Spilled Records=81562
		Shuffled Maps =7
		Failed Shuffles=0
		Merged Map outputs=7
		GC time elapsed (ms)=354
		Total committed heap usage (bytes)=1285500928
	Shuffle Errors
		BAD_ID=0
		CONNECTION=0
		IO_ERROR=0
		WRONG_LENGTH=0
		WRONG_MAP=0
		WRONG_REDUCE=0
	File Input Format Counters 
		Bytes Read=864693529
	File Output Format Counters 
		Bytes Written=147
2022-06-06 00:51:23,225 INFO streaming.StreamJob: Output directory: /user/hadoop/output/geo_state
